This is pdfTeX, Version 3.14159265-2.6-1.40.19 (TeX Live 2018) (preloaded format=pdflatex 2018.4.16)  10 SEP 2019 20:01
entering extended mode
 restricted \write18 enabled.
 file:line:error style messages enabled.
 %&-line parsing enabled.
**main.tex
(./main.tex
LaTeX2e <2018-04-01> patch level 2
Babel <3.18> and hyphenation patterns for 84 language(s) loaded.
(/usr/local/texlive/2018/texmf-dist/tex/latex/base/article.cls
Document Class: article 2014/09/29 v1.4h Standard LaTeX document class
(/usr/local/texlive/2018/texmf-dist/tex/latex/base/size11.clo
File: size11.clo 2014/09/29 v1.4h Standard LaTeX file (size option)
)
\c@part=\count80
\c@section=\count81
\c@subsection=\count82
\c@subsubsection=\count83
\c@paragraph=\count84
\c@subparagraph=\count85
\c@figure=\count86
\c@table=\count87
\abovecaptionskip=\skip41
\belowcaptionskip=\skip42
\bibindent=\dimen102
) (/usr/local/texlive/2018/texmf-dist/tex/generic/babel/babel.sty
Package: babel 2018/02/14 3.18 The Babel package
 (/usr/local/texlive/2018/texmf-dist/tex/generic/babel/switch.def
File: switch.def 2018/02/14 3.18 Babel switching mechanism
) (/usr/local/texlive/2018/texmf-dist/tex/generic/babel-english/english.ldf
Language: english 2017/06/06 v3.3r English support from the babel system
 (/usr/local/texlive/2018/texmf-dist/tex/generic/babel/babel.def
File: babel.def 2018/02/14 3.18 Babel common definitions
\babel@savecnt=\count88
\U@D=\dimen103
 (/usr/local/texlive/2018/texmf-dist/tex/generic/babel/txtbabel.def)
\bbl@dirlevel=\count89
)
\l@canadian = a dialect from \language\l@american 
\l@australian = a dialect from \language\l@british 
\l@newzealand = a dialect from \language\l@british 
)) (/usr/local/texlive/2018/texmf-dist/tex/latex/preprint/fullpage.sty
Package: fullpage 1999/02/23 1.1 (PWD)
\FP@margin=\skip43
) (/usr/local/texlive/2018/texmf-dist/tex/latex/graphics/graphicx.sty
Package: graphicx 2017/06/01 v1.1a Enhanced LaTeX Graphics (DPC,SPQR)
 (/usr/local/texlive/2018/texmf-dist/tex/latex/graphics/keyval.sty
Package: keyval 2014/10/28 v1.15 key=value parser (DPC)
\KV@toks@=\toks14
) (/usr/local/texlive/2018/texmf-dist/tex/latex/graphics/graphics.sty
Package: graphics 2017/06/25 v1.2c Standard LaTeX Graphics (DPC,SPQR)
 (/usr/local/texlive/2018/texmf-dist/tex/latex/graphics/trig.sty
Package: trig 2016/01/03 v1.10 sin cos tan (DPC)
) (/usr/local/texlive/2018/texmf-dist/tex/latex/graphics-cfg/graphics.cfg
File: graphics.cfg 2016/06/04 v1.11 sample graphics configuration
)
Package graphics Info: Driver file: pdftex.def on input line 99.
 (/usr/local/texlive/2018/texmf-dist/tex/latex/graphics-def/pdftex.def
File: pdftex.def 2018/01/08 v1.0l Graphics/color driver for pdftex
))
\Gin@req@height=\dimen104
\Gin@req@width=\dimen105
) (/usr/local/texlive/2018/texmf-dist/tex/latex/listings/listings.sty
\lst@mode=\count90
\lst@gtempboxa=\box26
\lst@token=\toks15
\lst@length=\count91
\lst@currlwidth=\dimen106
\lst@column=\count92
\lst@pos=\count93
\lst@lostspace=\dimen107
\lst@width=\dimen108
\lst@newlines=\count94
\lst@lineno=\count95
\lst@maxwidth=\dimen109

(/usr/local/texlive/2018/texmf-dist/tex/latex/listings/lstmisc.sty
File: lstmisc.sty 2015/06/04 1.6 (Carsten Heinz)
\c@lstnumber=\count96
\lst@skipnumbers=\count97
\lst@framebox=\box27
) (/usr/local/texlive/2018/texmf-dist/tex/latex/listings/listings.cfg
File: listings.cfg 2015/06/04 1.6 listings configuration
))
Package: listings 2015/06/04 1.6 (Carsten Heinz)
 (./main.aux)
\openout1 = `main.aux'.

LaTeX Font Info:    Checking defaults for OML/cmm/m/it on input line 30.
LaTeX Font Info:    ... okay on input line 30.
LaTeX Font Info:    Checking defaults for T1/cmr/m/n on input line 30.
LaTeX Font Info:    ... okay on input line 30.
LaTeX Font Info:    Checking defaults for OT1/cmr/m/n on input line 30.
LaTeX Font Info:    ... okay on input line 30.
LaTeX Font Info:    Checking defaults for OMS/cmsy/m/n on input line 30.
LaTeX Font Info:    ... okay on input line 30.
LaTeX Font Info:    Checking defaults for OMX/cmex/m/n on input line 30.
LaTeX Font Info:    ... okay on input line 30.
LaTeX Font Info:    Checking defaults for U/cmr/m/n on input line 30.
LaTeX Font Info:    ... okay on input line 30.
 (/usr/local/texlive/2018/texmf-dist/tex/context/base/mkii/supp-pdf.mkii
[Loading MPS to PDF converter (version 2006.09.02).]
\scratchcounter=\count98
\scratchdimen=\dimen110
\scratchbox=\box28
\nofMPsegments=\count99
\nofMParguments=\count100
\everyMPshowfont=\toks16
\MPscratchCnt=\count101
\MPscratchDim=\dimen111
\MPnumerator=\count102
\makeMPintoPDFobject=\count103
\everyMPtoPDFconversion=\toks17
) (/usr/local/texlive/2018/texmf-dist/tex/latex/oberdiek/epstopdf-base.sty
Package: epstopdf-base 2016/05/15 v2.6 Base part for package epstopdf
 (/usr/local/texlive/2018/texmf-dist/tex/generic/oberdiek/infwarerr.sty
Package: infwarerr 2016/05/16 v1.4 Providing info/warning/error messages (HO)
) (/usr/local/texlive/2018/texmf-dist/tex/latex/oberdiek/grfext.sty
Package: grfext 2016/05/16 v1.2 Manage graphics extensions (HO)
 (/usr/local/texlive/2018/texmf-dist/tex/generic/oberdiek/kvdefinekeys.sty
Package: kvdefinekeys 2016/05/16 v1.4 Define keys (HO)
 (/usr/local/texlive/2018/texmf-dist/tex/generic/oberdiek/ltxcmds.sty
Package: ltxcmds 2016/05/16 v1.23 LaTeX kernel commands for general use (HO)
))) (/usr/local/texlive/2018/texmf-dist/tex/latex/oberdiek/kvoptions.sty
Package: kvoptions 2016/05/16 v3.12 Key value format for package options (HO)
 (/usr/local/texlive/2018/texmf-dist/tex/generic/oberdiek/kvsetkeys.sty
Package: kvsetkeys 2016/05/16 v1.17 Key value parser (HO)
 (/usr/local/texlive/2018/texmf-dist/tex/generic/oberdiek/etexcmds.sty
Package: etexcmds 2016/05/16 v1.6 Avoid name clashes with e-TeX commands (HO)
 (/usr/local/texlive/2018/texmf-dist/tex/generic/oberdiek/ifluatex.sty
Package: ifluatex 2016/05/16 v1.4 Provides the ifluatex switch (HO)
Package ifluatex Info: LuaTeX not detected.
)
Package etexcmds Info: Could not find \expanded.
(etexcmds)             That can mean that you are not using pdfTeX 1.50 or
(etexcmds)             that some package has redefined \expanded.
(etexcmds)             In the latter case, load this package earlier.
))) (/usr/local/texlive/2018/texmf-dist/tex/generic/oberdiek/pdftexcmds.sty
Package: pdftexcmds 2018/01/30 v0.27 Utility functions of pdfTeX for LuaTeX (HO)
 (/usr/local/texlive/2018/texmf-dist/tex/generic/oberdiek/ifpdf.sty
Package: ifpdf 2017/03/15 v3.2 Provides the ifpdf switch
)
Package pdftexcmds Info: LuaTeX not detected.
Package pdftexcmds Info: \pdf@primitive is available.
Package pdftexcmds Info: \pdf@ifprimitive is available.
Package pdftexcmds Info: \pdfdraftmode found.
)
Package epstopdf-base Info: Redefining graphics rule for `.eps' on input line 438.
Package grfext Info: Graphics extension search list:
(grfext)             [.pdf,.jpeg,.png,.eps]
(grfext)             \AppendGraphicsExtensions on input line 456.
 (/usr/local/texlive/2018/texmf-dist/tex/latex/latexconfig/epstopdf-sys.cfg
File: epstopdf-sys.cfg 2010/07/13 v1.3 Configuration of (r)epstopdf for TeX Live
))
\c@lstlisting=\count104
LaTeX Font Info:    External font `cmex10' loaded for size
(Font)              <10.95> on input line 40.
LaTeX Font Info:    External font `cmex10' loaded for size
(Font)              <8> on input line 40.
LaTeX Font Info:    External font `cmex10' loaded for size
(Font)              <6> on input line 40.
LaTeX Font Info:    External font `cmex10' loaded for size
(Font)              <9> on input line 40.
LaTeX Font Info:    External font `cmex10' loaded for size
(Font)              <5> on input line 40.
<./imgs/case1.png, id=1, 333.6465pt x 118.5228pt>
File: ./imgs/case1.png Graphic file (type png)
<use ./imgs/case1.png>
Package pdftex.def Info: ./imgs/case1.png  used on input line 50.
(pdftex.def)             Requested size: 289.07999pt x 102.69621pt.
<./imgs/case1process1.png, id=3, 888.31876pt x 468.75125pt>
File: ./imgs/case1process1.png Graphic file (type png)
<use ./imgs/case1process1.png>
Package pdftex.def Info: ./imgs/case1process1.png  used on input line 58.
(pdftex.def)             Requested size: 325.215pt x 171.61133pt.
<./imgs/case1process2.png, id=4, 888.31876pt x 468.75125pt>
File: ./imgs/case1process2.png Graphic file (type png)
<use ./imgs/case1process2.png>
Package pdftex.def Info: ./imgs/case1process2.png  used on input line 66.
(pdftex.def)             Requested size: 325.215pt x 171.61133pt.


LaTeX Warning: `h' float specifier changed to `ht'.

<./imgs/case1CS.png, id=5, 888.31876pt x 468.75125pt>
File: ./imgs/case1CS.png Graphic file (type png)
<use ./imgs/case1CS.png>
Package pdftex.def Info: ./imgs/case1CS.png  used on input line 74.
(pdftex.def)             Requested size: 325.215pt x 171.61133pt.

LaTeX Warning: `h' float specifier changed to `ht'.

[1

{/usr/local/texlive/2018/texmf-var/fonts/map/pdftex/updmap/pdftex.map} <./imgs/case1.png> <./imgs/case1process1.png>]
<./imgs/case2.png, id=19, 347.1369pt x 226.6869pt>
File: ./imgs/case2.png Graphic file (type png)
<use ./imgs/case2.png>
Package pdftex.def Info: ./imgs/case2.png  used on input line 88.
(pdftex.def)             Requested size: 289.07999pt x 188.7796pt.


LaTeX Warning: `h' float specifier changed to `ht'.

<./imgs/case2process1.png, id=20, 860.21375pt x 468.75125pt>
File: ./imgs/case2process1.png Graphic file (type png)
<use ./imgs/case2process1.png>
Package pdftex.def Info: ./imgs/case2process1.png  used on input line 96.
(pdftex.def)             Requested size: 325.215pt x 177.21895pt.

LaTeX Warning: `h' float specifier changed to `ht'.

<./imgs/case2process2.png, id=21, 888.31876pt x 468.75125pt>
File: ./imgs/case2process2.png Graphic file (type png)
<use ./imgs/case2process2.png>
Package pdftex.def Info: ./imgs/case2process2.png  used on input line 104.
(pdftex.def)             Requested size: 325.215pt x 171.61133pt.

LaTeX Warning: `h' float specifier changed to `ht'.

<./imgs/case2process3.png, id=22, 888.31876pt x 468.75125pt>
File: ./imgs/case2process3.png Graphic file (type png)
<use ./imgs/case2process3.png>
Package pdftex.def Info: ./imgs/case2process3.png  used on input line 112.
(pdftex.def)             Requested size: 325.215pt x 171.61133pt.

LaTeX Warning: `h' float specifier changed to `ht'.

<./imgs/case2process4.png, id=23, 888.31876pt x 468.75125pt>
File: ./imgs/case2process4.png Graphic file (type png)
<use ./imgs/case2process4.png>
Package pdftex.def Info: ./imgs/case2process4.png  used on input line 120.
(pdftex.def)             Requested size: 325.215pt x 171.61133pt.

LaTeX Warning: `h' float specifier changed to `ht'.

<./imgs/case2process5.png, id=24, 916.42375pt x 263.98625pt>
File: ./imgs/case2process5.png Graphic file (type png)
<use ./imgs/case2process5.png>
Package pdftex.def Info: ./imgs/case2process5.png  used on input line 128.
(pdftex.def)             Requested size: 325.215pt x 93.68152pt.

LaTeX Warning: `h' float specifier changed to `ht'.

<./imgs/case2CS.png, id=25, 888.31876pt x 468.75125pt>
File: ./imgs/case2CS.png Graphic file (type png)
<use ./imgs/case2CS.png>
Package pdftex.def Info: ./imgs/case2CS.png  used on input line 136.
(pdftex.def)             Requested size: 325.215pt x 171.61133pt.

LaTeX Warning: `h' float specifier changed to `ht'.

[2 <./imgs/case1process2.png> <./imgs/case1CS.png>] [3 <./imgs/case2.png> <./imgs/case2process1.png> <./imgs/case2process2.png>] [4 <./imgs/case2process3.png> <./imgs/case2process4.png> <./imgs/case2process5.png>] [5 <./imgs/case2CS.png>] (./main.aux) ) 
Here is how much of TeX's memory you used:
 3369 strings out of 492649
 48569 string characters out of 6129622
 120045 words of memory out of 5000000
 7214 multiletter control sequences out of 15000+600000
 8847 words of font info for 31 fonts, out of 8000000 for 9000
 1141 hyphenation exceptions out of 8191
 41i,8n,32p,496b,258s stack positions out of 5000i,500n,10000p,200000b,80000s
</usr/local/texlive/2018/texmf-dist/fonts/type1/public/amsfonts/cm/cmbx12.pfb></usr/local/texlive/2018/texmf-dist/fonts/type1/public/amsfonts/cm/cmr10.pfb></usr/local/texlive/2018/texmf-dist/fonts/type1/public/amsfonts/cm/cmr6.pfb></usr/local/texlive/2018/texmf-dist/fonts/type1/public/amsfonts/cm/cmr8.pfb></usr/local/texlive/2018/texmf-dist/fonts/type1/public/amsfonts/cm/cmr9.pfb></usr/local/texlive/2018/texmf-dist/fonts/type1/public/amsfonts/cm/cmti10.pfb>
Output written on main.pdf (5 pages, 830648 bytes).
PDF statistics:
 67 PDF objects out of 1000 (max. 8388607)
 31 compressed objects within 1 object stream
 0 named destinations out of 1000 (max. 500000)
 56 words of extra memory for PDF output out of 10000 (max. 10000000)

